<?xml version="1.0" encoding="UTF-8"?>
<coverage generated="1661409928610" clover="3.2.0">
  <project timestamp="1661409928610" name="All files">
    <metrics statements="33" coveredstatements="32" conditionals="4" coveredconditionals="3" methods="15" coveredmethods="14" elements="52" coveredelements="49" complexity="0" loc="33" ncloc="33" packages="3" files="4" classes="4"/>
    <package name="maps">
      <metrics statements="1" coveredstatements="1" conditionals="0" coveredconditionals="0" methods="0" coveredmethods="0"/>
      <file name="key.js" path="C:\laragon\www\NonogramResolver\maps\key.js">
        <metrics statements="1" coveredstatements="1" conditionals="0" coveredconditionals="0" methods="0" coveredmethods="0"/>
        <line num="1" count="2" type="stmt"/>
      </file>
    </package>
    <package name="src">
      <metrics statements="28" coveredstatements="27" conditionals="2" coveredconditionals="1" methods="14" coveredmethods="13"/>
      <file name="MapChecker.js" path="C:\laragon\www\NonogramResolver\src\MapChecker.js">
        <metrics statements="24" coveredstatements="23" conditionals="2" coveredconditionals="1" methods="12" coveredmethods="11"/>
        <line num="2" count="2" type="stmt"/>
        <line num="5" count="2" type="stmt"/>
        <line num="6" count="32" type="stmt"/>
        <line num="8" count="2" type="stmt"/>
        <line num="9" count="32" type="stmt"/>
        <line num="10" count="48" type="stmt"/>
        <line num="11" count="32" type="stmt"/>
        <line num="13" count="2" type="stmt"/>
        <line num="14" count="2" type="stmt"/>
        <line num="15" count="2" type="stmt"/>
        <line num="16" count="2" type="stmt"/>
        <line num="17" count="20" type="cond" truecount="1" falsecount="1"/>
        <line num="18" count="0" type="stmt"/>
        <line num="21" count="2" type="stmt"/>
        <line num="23" count="2" type="stmt"/>
        <line num="24" count="2" type="stmt"/>
        <line num="25" count="2" type="stmt"/>
        <line num="26" count="4" type="stmt"/>
        <line num="27" count="20" type="stmt"/>
        <line num="31" count="2" type="stmt"/>
        <line num="32" count="24" type="stmt"/>
        <line num="34" count="2" type="stmt"/>
        <line num="35" count="32" type="stmt"/>
        <line num="37" count="2" type="stmt"/>
      </file>
      <file name="Resolver.js" path="C:\laragon\www\NonogramResolver\src\Resolver.js">
        <metrics statements="4" coveredstatements="4" conditionals="0" coveredconditionals="0" methods="2" coveredmethods="2"/>
        <line num="1" count="2" type="stmt"/>
        <line num="3" count="4" type="stmt"/>
        <line num="4" count="4" type="stmt"/>
        <line num="6" count="2" type="stmt"/>
      </file>
    </package>
    <package name="src.Enums">
      <metrics statements="4" coveredstatements="4" conditionals="2" coveredconditionals="2" methods="1" coveredmethods="1"/>
      <file name="Lines.js" path="C:\laragon\www\NonogramResolver\src\Enums\Lines.js">
        <metrics statements="4" coveredstatements="4" conditionals="2" coveredconditionals="2" methods="1" coveredmethods="1"/>
        <line num="2" count="2" type="stmt"/>
        <line num="3" count="2" type="stmt"/>
        <line num="4" count="2" type="stmt"/>
        <line num="6" count="2" type="stmt"/>
      </file>
    </package>
  </project>
</coverage>
