{"C:\\laragon\\www\\NonogramResolver\\maps\\key.js": {"path":"C:\\laragon\\www\\NonogramResolver\\maps\\key.js","statementMap":{"0":{"start":{"line":1,"column":17},"end":{"line":18,"column":1}}},"fnMap":{},"branchMap":{},"s":{"0":2},"f":{},"b":{},"_coverageSchema":"1a1c01bbd47fc00a2c39e90264f33305004495a9","hash":"7943514c4b9326a73bdf81bff6f1a564f3f6f3dd"}
,"C:\\laragon\\www\\NonogramResolver\\src\\Resolver.js": {"path":"C:\\laragon\\www\\NonogramResolver\\src\\Resolver.js","statementMap":{"0":{"start":{"line":1,"column":16},"end":{"line":10,"column":3}},"1":{"start":{"line":3,"column":8},"end":{"line":3,"column":23}},"2":{"start":{"line":4,"column":8},"end":{"line":4,"column":40}},"3":{"start":{"line":6,"column":4},"end":{"line":8,"column":6}},"4":{"start":{"line":7,"column":8},"end":{"line":7,"column":33}},"5":{"start":{"line":9,"column":4},"end":{"line":9,"column":20}}},"fnMap":{"0":{"name":"(anonymous_0)","decl":{"start":{"line":1,"column":16},"end":{"line":1,"column":17}},"loc":{"start":{"line":1,"column":28},"end":{"line":10,"column":1}},"line":1},"1":{"name":"Resolver","decl":{"start":{"line":2,"column":13},"end":{"line":2,"column":21}},"loc":{"start":{"line":2,"column":27},"end":{"line":5,"column":5}},"line":2},"2":{"name":"(anonymous_2)","decl":{"start":{"line":6,"column":23},"end":{"line":6,"column":24}},"loc":{"start":{"line":6,"column":39},"end":{"line":8,"column":5}},"line":6}},"branchMap":{},"s":{"0":2,"1":2,"2":2,"3":2,"4":0,"5":2},"f":{"0":2,"1":2,"2":0},"b":{},"_coverageSchema":"1a1c01bbd47fc00a2c39e90264f33305004495a9","hash":"fc42912c7d7f20dd79505e439595ea7c16fb1600"}
}
