{"C:\\laragon\\www\\NonogramResolver\\maps\\key.js": {"path":"C:\\laragon\\www\\NonogramResolver\\maps\\key.js","statementMap":{"0":{"start":{"line":1,"column":17},"end":{"line":18,"column":1}}},"fnMap":{},"branchMap":{},"s":{"0":2},"f":{},"b":{},"_coverageSchema":"1a1c01bbd47fc00a2c39e90264f33305004495a9","hash":"7943514c4b9326a73bdf81bff6f1a564f3f6f3dd"}
,"C:\\laragon\\www\\NonogramResolver\\src\\MapChecker.js": {"path":"C:\\laragon\\www\\NonogramResolver\\src\\MapChecker.js","statementMap":{"0":{"start":{"line":2,"column":18},"end":{"line":38,"column":3}},"1":{"start":{"line":5,"column":4},"end":{"line":7,"column":6}},"2":{"start":{"line":6,"column":8},"end":{"line":6,"column":46}},"3":{"start":{"line":8,"column":4},"end":{"line":12,"column":6}},"4":{"start":{"line":9,"column":24},"end":{"line":9,"column":25}},"5":{"start":{"line":10,"column":8},"end":{"line":10,"column":62}},"6":{"start":{"line":10,"column":36},"end":{"line":10,"column":58}},"7":{"start":{"line":11,"column":8},"end":{"line":11,"column":56}},"8":{"start":{"line":13,"column":4},"end":{"line":22,"column":6}},"9":{"start":{"line":14,"column":20},"end":{"line":14,"column":24}},"10":{"start":{"line":15,"column":23},"end":{"line":15,"column":27}},"11":{"start":{"line":16,"column":8},"end":{"line":20,"column":11}},"12":{"start":{"line":17,"column":12},"end":{"line":19,"column":13}},"13":{"start":{"line":18,"column":16},"end":{"line":18,"column":33}},"14":{"start":{"line":21,"column":8},"end":{"line":21,"column":24}},"15":{"start":{"line":23,"column":4},"end":{"line":30,"column":6}},"16":{"start":{"line":24,"column":20},"end":{"line":24,"column":24}},"17":{"start":{"line":25,"column":8},"end":{"line":29,"column":11}},"18":{"start":{"line":26,"column":12},"end":{"line":28,"column":15}},"19":{"start":{"line":27,"column":16},"end":{"line":27,"column":81}},"20":{"start":{"line":31,"column":4},"end":{"line":33,"column":6}},"21":{"start":{"line":32,"column":8},"end":{"line":32,"column":58}},"22":{"start":{"line":34,"column":4},"end":{"line":36,"column":6}},"23":{"start":{"line":35,"column":8},"end":{"line":35,"column":48}},"24":{"start":{"line":37,"column":4},"end":{"line":37,"column":22}}},"fnMap":{"0":{"name":"(anonymous_0)","decl":{"start":{"line":2,"column":18},"end":{"line":2,"column":19}},"loc":{"start":{"line":2,"column":30},"end":{"line":38,"column":1}},"line":2},"1":{"name":"MapChecker","decl":{"start":{"line":3,"column":13},"end":{"line":3,"column":23}},"loc":{"start":{"line":3,"column":26},"end":{"line":4,"column":5}},"line":3},"2":{"name":"(anonymous_2)","decl":{"start":{"line":5,"column":27},"end":{"line":5,"column":28}},"loc":{"start":{"line":5,"column":48},"end":{"line":7,"column":5}},"line":5},"3":{"name":"(anonymous_3)","decl":{"start":{"line":8,"column":30},"end":{"line":8,"column":31}},"loc":{"start":{"line":8,"column":46},"end":{"line":12,"column":5}},"line":8},"4":{"name":"(anonymous_4)","decl":{"start":{"line":10,"column":21},"end":{"line":10,"column":22}},"loc":{"start":{"line":10,"column":34},"end":{"line":10,"column":60}},"line":10},"5":{"name":"(anonymous_5)","decl":{"start":{"line":13,"column":23},"end":{"line":13,"column":24}},"loc":{"start":{"line":13,"column":38},"end":{"line":22,"column":5}},"line":13},"6":{"name":"(anonymous_6)","decl":{"start":{"line":16,"column":31},"end":{"line":16,"column":32}},"loc":{"start":{"line":16,"column":77},"end":{"line":20,"column":9}},"line":16},"7":{"name":"(anonymous_7)","decl":{"start":{"line":23,"column":30},"end":{"line":23,"column":31}},"loc":{"start":{"line":23,"column":55},"end":{"line":30,"column":5}},"line":23},"8":{"name":"(anonymous_8)","decl":{"start":{"line":25,"column":45},"end":{"line":25,"column":46}},"loc":{"start":{"line":25,"column":65},"end":{"line":29,"column":9}},"line":25},"9":{"name":"(anonymous_9)","decl":{"start":{"line":26,"column":50},"end":{"line":26,"column":51}},"loc":{"start":{"line":26,"column":73},"end":{"line":28,"column":13}},"line":26},"10":{"name":"(anonymous_10)","decl":{"start":{"line":31,"column":25},"end":{"line":31,"column":26}},"loc":{"start":{"line":31,"column":56},"end":{"line":33,"column":5}},"line":31},"11":{"name":"(anonymous_11)","decl":{"start":{"line":34,"column":29},"end":{"line":34,"column":30}},"loc":{"start":{"line":34,"column":55},"end":{"line":36,"column":5}},"line":34}},"branchMap":{"0":{"loc":{"start":{"line":17,"column":12},"end":{"line":19,"column":13}},"type":"if","locations":[{"start":{"line":17,"column":12},"end":{"line":19,"column":13}},{"start":{},"end":{}}],"line":17}},"s":{"0":2,"1":2,"2":32,"3":2,"4":32,"5":32,"6":48,"7":32,"8":2,"9":2,"10":2,"11":2,"12":20,"13":0,"14":2,"15":2,"16":2,"17":2,"18":4,"19":20,"20":2,"21":20,"22":2,"23":20,"24":2},"f":{"0":2,"1":0,"2":32,"3":32,"4":48,"5":2,"6":20,"7":2,"8":4,"9":20,"10":20,"11":20},"b":{"0":[0,20]},"_coverageSchema":"1a1c01bbd47fc00a2c39e90264f33305004495a9","hash":"b7681c2ea0c146753ccc97abc62ea669dcd73dfd"}
,"C:\\laragon\\www\\NonogramResolver\\src\\Resolver.js": {"path":"C:\\laragon\\www\\NonogramResolver\\src\\Resolver.js","statementMap":{"0":{"start":{"line":1,"column":16},"end":{"line":7,"column":3}},"1":{"start":{"line":3,"column":8},"end":{"line":3,"column":23}},"2":{"start":{"line":4,"column":8},"end":{"line":4,"column":40}},"3":{"start":{"line":6,"column":4},"end":{"line":6,"column":20}}},"fnMap":{"0":{"name":"(anonymous_0)","decl":{"start":{"line":1,"column":16},"end":{"line":1,"column":17}},"loc":{"start":{"line":1,"column":28},"end":{"line":7,"column":1}},"line":1},"1":{"name":"Resolver","decl":{"start":{"line":2,"column":13},"end":{"line":2,"column":21}},"loc":{"start":{"line":2,"column":27},"end":{"line":5,"column":5}},"line":2}},"branchMap":{},"s":{"0":2,"1":2,"2":2,"3":2},"f":{"0":2,"1":2},"b":{},"_coverageSchema":"1a1c01bbd47fc00a2c39e90264f33305004495a9","hash":"8ad752f7ff94b98356f868930fde595c4d3405f7"}
,"C:\\laragon\\www\\NonogramResolver\\src\\Enums\\Lines.js": {"path":"C:\\laragon\\www\\NonogramResolver\\src\\Enums\\Lines.js","statementMap":{"0":{"start":{"line":2,"column":0},"end":{"line":5,"column":32}},"1":{"start":{"line":3,"column":4},"end":{"line":3,"column":28}},"2":{"start":{"line":4,"column":4},"end":{"line":4,"column":28}},"3":{"start":{"line":6,"column":30},"end":{"line":15,"column":1}}},"fnMap":{"0":{"name":"(anonymous_0)","decl":{"start":{"line":2,"column":1},"end":{"line":2,"column":2}},"loc":{"start":{"line":2,"column":21},"end":{"line":5,"column":1}},"line":2}},"branchMap":{"0":{"loc":{"start":{"line":5,"column":3},"end":{"line":5,"column":30}},"type":"binary-expr","locations":[{"start":{"line":5,"column":3},"end":{"line":5,"column":11}},{"start":{"line":5,"column":16},"end":{"line":5,"column":29}}],"line":5}},"s":{"0":2,"1":2,"2":2,"3":2},"f":{"0":2},"b":{"0":[2,2]},"_coverageSchema":"1a1c01bbd47fc00a2c39e90264f33305004495a9","hash":"75d72e2b78b87a027f6ac607888e1cc51d539318"}
}
