TN:
SF:maps\key.js
FNF:0
FNH:0
DA:1,4
LF:1
LH:1
BRF:0
BRH:0
end_of_record
TN:
SF:maps\impossibles\key_impossible.js
FNF:0
FNH:0
DA:1,2
LF:1
LH:1
BRF:0
BRH:0
end_of_record
TN:
SF:src\MapChecker.js
FN:2,(anonymous_0)
FN:3,MapChecker
FN:5,(anonymous_2)
FN:8,(anonymous_3)
FN:10,(anonymous_4)
FN:13,(anonymous_5)
FN:16,(anonymous_6)
FN:23,(anonymous_7)
FN:25,(anonymous_8)
FN:26,(anonymous_9)
FN:31,(anonymous_10)
FN:34,(anonymous_11)
FN:37,(anonymous_12)
FN:39,(anonymous_13)
FNF:14
FNH:13
FNDA:4,(anonymous_0)
FNDA:0,MapChecker
FNDA:52,(anonymous_2)
FNDA:70,(anonymous_3)
FNDA:98,(anonymous_4)
FNDA:4,(anonymous_5)
FNDA:40,(anonymous_6)
FNDA:6,(anonymous_7)
FNDA:12,(anonymous_8)
FNDA:60,(anonymous_9)
FNDA:72,(anonymous_10)
FNDA:80,(anonymous_11)
FNDA:10,(anonymous_12)
FNDA:18,(anonymous_13)
DA:2,4
DA:5,4
DA:6,52
DA:8,4
DA:9,70
DA:10,98
DA:11,70
DA:13,4
DA:14,4
DA:15,4
DA:16,4
DA:17,40
DA:18,4
DA:21,4
DA:23,4
DA:24,6
DA:25,6
DA:26,12
DA:27,60
DA:31,4
DA:32,72
DA:34,4
DA:35,80
DA:37,4
DA:38,10
DA:39,18
DA:40,10
DA:42,4
LF:28
LH:28
BRDA:17,0,0,4
BRDA:17,0,1,36
BRF:2
BRH:2
end_of_record
TN:
SF:src\Resolver.js
FN:1,(anonymous_0)
FN:14,(anonymous_1)
FN:15,Resolver
FN:19,(anonymous_3)
FN:34,(anonymous_4)
FN:42,(anonymous_5)
FN:53,(anonymous_6)
FN:81,(anonymous_7)
FN:87,(anonymous_8)
FN:95,(anonymous_9)
FN:97,(anonymous_10)
FN:109,(anonymous_11)
FN:111,(anonymous_12)
FN:120,(anonymous_13)
FN:125,(anonymous_14)
FN:136,(anonymous_15)
FN:138,(anonymous_16)
FN:138,(anonymous_17)
FN:150,(anonymous_18)
FNF:19
FNH:12
FNDA:0,(anonymous_0)
FNDA:4,(anonymous_1)
FNDA:4,Resolver
FNDA:8,(anonymous_3)
FNDA:6,(anonymous_4)
FNDA:8,(anonymous_5)
FNDA:0,(anonymous_6)
FNDA:0,(anonymous_7)
FNDA:0,(anonymous_8)
FNDA:0,(anonymous_9)
FNDA:0,(anonymous_10)
FNDA:10,(anonymous_11)
FNDA:18,(anonymous_12)
FNDA:12,(anonymous_13)
FNDA:22,(anonymous_14)
FNDA:8,(anonymous_15)
FNDA:14,(anonymous_16)
FNDA:24,(anonymous_17)
FNDA:0,(anonymous_18)
DA:1,4
DA:2,0
DA:3,0
DA:4,0
DA:5,0
DA:8,0
DA:13,4
DA:14,4
DA:16,4
DA:17,4
DA:19,4
DA:20,8
DA:21,8
DA:22,8
DA:23,8
DA:24,2
DA:26,6
DA:27,6
DA:30,0
DA:32,8
DA:34,4
DA:35,6
DA:36,6
DA:37,2
DA:38,10
DA:42,4
DA:43,8
DA:44,16
DA:46,8
DA:47,4
DA:51,6
DA:53,4
DA:54,0
DA:55,0
DA:56,0
DA:57,0
DA:58,0
DA:59,0
DA:60,0
DA:61,0
DA:62,0
DA:63,0
DA:64,0
DA:65,0
DA:66,0
DA:70,0
DA:74,0
DA:75,0
DA:76,0
DA:78,0
DA:79,0
DA:81,4
DA:82,0
DA:83,0
DA:84,0
DA:85,0
DA:87,4
DA:88,0
DA:89,0
DA:90,0
DA:93,0
DA:95,4
DA:96,0
DA:97,0
DA:98,0
DA:99,0
DA:100,0
DA:101,0
DA:104,0
DA:105,0
DA:107,0
DA:109,4
DA:110,10
DA:111,10
DA:112,18
DA:113,18
DA:114,8
DA:116,18
DA:118,10
DA:120,4
DA:121,12
DA:122,12
DA:123,12
DA:124,12
DA:125,12
DA:126,22
DA:127,6
DA:128,6
DA:130,22
DA:132,12
DA:133,6
DA:134,12
DA:136,4
DA:137,8
DA:138,14
DA:139,24
DA:140,12
DA:143,12
DA:144,20
DA:148,8
DA:150,4
DA:151,4
LF:102
LH:60
BRDA:1,0,0,4
BRDA:1,0,1,0
BRDA:1,0,2,4
BRDA:2,1,0,0
BRDA:2,1,1,0
BRDA:2,2,0,0
BRDA:2,2,1,0
BRDA:3,3,0,0
BRDA:3,3,1,0
BRDA:3,4,0,0
BRDA:3,4,1,0
BRDA:4,5,0,0
BRDA:4,5,1,0
BRDA:8,6,0,0
BRDA:8,6,1,0
BRDA:20,7,0,8
BRDA:20,7,1,0
BRDA:23,8,0,2
BRDA:23,8,1,6
BRDA:26,9,0,6
BRDA:26,9,1,0
BRDA:36,10,0,2
BRDA:36,10,1,4
BRDA:46,11,0,4
BRDA:46,11,1,4
BRDA:61,12,0,0
BRDA:61,12,1,0
BRDA:63,13,0,0
BRDA:63,13,1,0
BRDA:65,14,0,0
BRDA:65,14,1,0
BRDA:75,15,0,0
BRDA:75,15,1,0
BRDA:88,16,0,0
BRDA:88,16,1,0
BRDA:89,17,0,0
BRDA:89,17,1,0
BRDA:100,18,0,0
BRDA:100,18,1,0
BRDA:104,19,0,0
BRDA:104,19,1,0
BRDA:113,20,0,8
BRDA:113,20,1,10
BRDA:121,21,0,2
BRDA:121,21,1,10
BRDA:122,22,0,8
BRDA:122,22,1,4
BRDA:126,23,0,6
BRDA:126,23,1,16
BRDA:132,24,0,6
BRDA:132,24,1,6
BRDA:139,25,0,12
BRDA:139,25,1,12
BRF:53
BRH:22
end_of_record
TN:
SF:src\Enums\Lines.js
FN:2,(anonymous_0)
FNF:1
FNH:1
FNDA:4,(anonymous_0)
DA:2,4
DA:3,4
DA:4,4
DA:6,4
LF:4
LH:4
BRDA:5,0,0,4
BRDA:5,0,1,4
BRF:2
BRH:2
end_of_record
TN:
SF:src\Enums\States.js
FN:2,(anonymous_0)
FN:9,(anonymous_1)
FN:14,(anonymous_2)
FNF:3
FNH:3
FNDA:4,(anonymous_0)
FNDA:4,(anonymous_1)
FNDA:4,(anonymous_2)
DA:2,4
DA:3,4
DA:4,4
DA:5,4
DA:6,4
DA:9,4
DA:10,4
DA:11,4
DA:14,4
DA:15,4
DA:16,4
LF:11
LH:11
BRDA:7,0,0,4
BRDA:7,0,1,4
BRDA:12,1,0,4
BRDA:12,1,1,4
BRDA:17,2,0,4
BRDA:17,2,1,4
BRF:6
BRH:6
end_of_record
