TN:
SF:maps\key.js
FNF:0
FNH:0
DA:1,2
LF:1
LH:1
BRF:0
BRH:0
end_of_record
TN:
SF:src\MapChecker.js
FN:2,(anonymous_0)
FN:3,MapChecker
FN:5,(anonymous_2)
FN:8,(anonymous_3)
FN:10,(anonymous_4)
FN:13,(anonymous_5)
FN:16,(anonymous_6)
FN:23,(anonymous_7)
FN:25,(anonymous_8)
FN:26,(anonymous_9)
FN:31,(anonymous_10)
FN:34,(anonymous_11)
FNF:12
FNH:11
FNDA:2,(anonymous_0)
FNDA:0,MapChecker
FNDA:32,(anonymous_2)
FNDA:32,(anonymous_3)
FNDA:48,(anonymous_4)
FNDA:2,(anonymous_5)
FNDA:20,(anonymous_6)
FNDA:2,(anonymous_7)
FNDA:4,(anonymous_8)
FNDA:20,(anonymous_9)
FNDA:24,(anonymous_10)
FNDA:32,(anonymous_11)
DA:2,2
DA:5,2
DA:6,32
DA:8,2
DA:9,32
DA:10,48
DA:11,32
DA:13,2
DA:14,2
DA:15,2
DA:16,2
DA:17,20
DA:18,0
DA:21,2
DA:23,2
DA:24,2
DA:25,2
DA:26,4
DA:27,20
DA:31,2
DA:32,24
DA:34,2
DA:35,32
DA:37,2
LF:24
LH:23
BRDA:17,0,0,0
BRDA:17,0,1,20
BRF:2
BRH:1
end_of_record
TN:
SF:src\Resolver.js
FN:1,(anonymous_0)
FN:2,Resolver
FNF:2
FNH:2
FNDA:2,(anonymous_0)
FNDA:4,Resolver
DA:1,2
DA:3,4
DA:4,4
DA:6,2
LF:4
LH:4
BRF:0
BRH:0
end_of_record
TN:
SF:src\Enums\Lines.js
FN:2,(anonymous_0)
FNF:1
FNH:1
FNDA:2,(anonymous_0)
DA:2,2
DA:3,2
DA:4,2
DA:6,2
LF:4
LH:4
BRDA:5,0,0,2
BRDA:5,0,1,2
BRF:2
BRH:2
end_of_record
